{"level":"error","message":"El nombre de usuario alex ya est치 tomado"}
{"level":"error","message":"Usuario inexistente"}
{"level":"error","message":"Usuario inexistente"}
{"level":"warn","message":"Ruta inexistente"}
{"level":"warn","message":"Ruta inexistente"}
{"level":"warn","message":"Ruta inexistente"}
{"level":"warn","message":"Ruta inexistente"}
{"level":"warn","message":"Ruta inexistente"}
{"level":"warn","message":"Ruta inexistente"}
{"level":"warn","message":"Ruta inexistente"}
{"level":"warn","message":"Ruta inexistente"}
{"level":"warn","message":"Ruta inexistente"}
{"level":"warn","message":"Ruta inexistente"}
{"level":"warn","message":"Ruta inexistente"}
{"level":"warn","message":"Ruta inexistente"}
{"level":"warn","message":"Ruta inexistente"}
{"level":"warn","message":"Ruta inexistente"}
{"level":"warn","message":"Ruta inexistente"}
{"level":"warn","message":"Ruta inexistente"}
{"level":"warn","message":"Ruta inexistente"}
{"level":"warn","message":"Ruta inexistente"}
{"level":"warn","message":"Ruta inexistente"}
{"level":"warn","message":"Ruta inexistente"}
{"level":"warn","message":"Ruta inexistente"}
{"level":"warn","message":"Ruta inexistente"}
{"level":"warn","message":"Ruta inexistente"}
{"level":"warn","message":"Ruta inexistente"}
{"level":"warn","message":"Ruta inexistente"}
{"level":"warn","message":"Ruta inexistente"}
{"level":"warn","message":"Ruta inexistente"}
{"level":"warn","message":"Ruta inexistente"}
{"level":"warn","message":"Ruta inexistente"}
{"level":"warn","message":"Ruta inexistente"}
{"level":"warn","message":"Ruta inexistente"}
{"level":"warn","message":"Ruta inexistente"}
{"level":"warn","message":"Ruta inexistente"}
{"level":"warn","message":"Ruta inexistente"}
{"level":"warn","message":"Ruta inexistente"}
{"level":"warn","message":"Ruta inexistente"}
{"level":"warn","message":"Ruta inexistente"}
{"level":"warn","message":"Ruta inexistente"}
{"level":"warn","message":"Ruta inexistente"}
{"level":"warn","message":"Ruta inexistente"}
{"level":"warn","message":"Ruta inexistente"}
{"level":"warn","message":"Ruta inexistente"}
{"level":"warn","message":"Ruta inexistente"}
{"level":"warn","message":"Ruta inexistente"}
{"level":"warn","message":"Ruta inexistente"}
{"level":"warn","message":"Ruta inexistente"}
{"level":"warn","message":"Ruta inexistente"}
{"level":"warn","message":"Ruta inexistente"}
{"level":"warn","message":"Ruta inexistente"}
{"level":"warn","message":"Ruta inexistente"}
{"level":"warn","message":"Ruta inexistente"}
{"level":"warn","message":"Ruta inexistente"}
{"level":"warn","message":"Ruta inexistente"}
{"level":"warn","message":"Ruta inexistente"}
{"level":"warn","message":"Ruta inexistente"}
{"level":"warn","message":"Ruta inexistente"}
{"level":"warn","message":"Ruta inexistente"}
{"level":"warn","message":"Ruta inexistente"}
{"level":"warn","message":"Ruta inexistente"}
{"level":"warn","message":"Ruta inexistente"}
{"level":"warn","message":"Ruta inexistente"}
{"level":"warn","message":"Ruta inexistente"}
{"level":"warn","message":"Ruta inexistente"}
{"level":"warn","message":"Ruta inexistente"}
{"level":"warn","message":"Ruta inexistente"}
{"level":"warn","message":"Ruta inexistente"}
{"level":"warn","message":"Ruta inexistente"}
{"level":"warn","message":"Ruta inexistente"}
{"level":"warn","message":"Ruta inexistente"}
{"level":"warn","message":"Ruta inexistente"}
{"level":"warn","message":"Ruta inexistente"}
{"level":"warn","message":"Ruta inexistente"}
{"level":"warn","message":"Ruta inexistente"}
{"level":"warn","message":"Ruta inexistente"}
{"level":"warn","message":"Ruta inexistente"}
{"level":"warn","message":"Ruta inexistente"}
{"level":"warn","message":"Ruta inexistente"}
{"level":"warn","message":"Ruta inexistente"}
{"level":"warn","message":"Ruta inexistente"}
{"level":"warn","message":"Ruta inexistente"}
{"level":"warn","message":"Ruta inexistente"}
{"level":"warn","message":"Ruta inexistente"}
{"level":"warn","message":"Ruta inexistente"}
{"level":"warn","message":"Ruta inexistente"}
{"level":"warn","message":"Ruta inexistente"}
{"level":"warn","message":"Ruta inexistente"}
{"level":"warn","message":"Ruta inexistente"}
{"level":"error","message":"Usuario inexistente"}
{"level":"error","message":"Contrase침a incorrecta"}
{"level":"warn","message":"Ruta inexistente"}
{"level":"warn","message":"Ruta inexistente"}
{"level":"warn","message":"Ruta inexistente"}
{"level":"warn","message":"Ruta inexistente"}
{"level":"warn","message":"Ruta inexistente"}
{"level":"warn","message":"Ruta inexistente"}
{"level":"warn","message":"Ruta inexistente"}
{"level":"warn","message":"Ruta inexistente"}
{"level":"warn","message":"Ruta inexistente"}
{"level":"warn","message":"Ruta inexistente"}
{"level":"warn","message":"Ruta inexistente"}
{"level":"warn","message":"Ruta inexistente"}
{"level":"warn","message":"Ruta inexistente"}
{"level":"warn","message":"Ruta inexistente"}
{"level":"warn","message":"Ruta inexistente"}
{"level":"warn","message":"Ruta inexistente"}
{"level":"warn","message":"Ruta inexistente"}
{"level":"warn","message":"Ruta inexistente"}
{"level":"warn","message":"Ruta inexistente"}
{"level":"warn","message":"Ruta inexistente"}
{"level":"warn","message":"Ruta inexistente"}
{"level":"warn","message":"Ruta inexistente"}
{"level":"warn","message":"Ruta inexistente"}
{"level":"warn","message":"Ruta inexistente"}
{"level":"warn","message":"Ruta inexistente"}
{"level":"warn","message":"Ruta inexistente"}
{"level":"warn","message":"Ruta inexistente"}
{"level":"warn","message":"Ruta inexistente"}
{"level":"warn","message":"Ruta inexistente"}
{"level":"warn","message":"Ruta inexistente"}
{"level":"warn","message":"Ruta inexistente"}
{"level":"warn","message":"Ruta inexistente"}
{"level":"warn","message":"Ruta inexistente"}
{"level":"warn","message":"Ruta inexistente"}
{"level":"warn","message":"Ruta inexistente"}
{"level":"warn","message":"Ruta inexistente"}
{"level":"warn","message":"Ruta inexistente"}
{"level":"warn","message":"Ruta inexistente"}
{"level":"warn","message":"Ruta inexistente"}
{"level":"warn","message":"Ruta inexistente"}
{"level":"warn","message":"Ruta inexistente"}
{"level":"warn","message":"Ruta inexistente"}
{"level":"warn","message":"Ruta inexistente"}
{"level":"warn","message":"Ruta inexistente"}
{"level":"warn","message":"Ruta inexistente"}
{"level":"warn","message":"Ruta inexistente"}
{"level":"warn","message":"Ruta inexistente"}
{"level":"warn","message":"Ruta inexistente"}
{"level":"warn","message":"Ruta inexistente"}
{"level":"warn","message":"Ruta inexistente"}
{"level":"warn","message":"Ruta inexistente"}
{"level":"warn","message":"Ruta inexistente"}
{"level":"warn","message":"Ruta inexistente"}
{"level":"warn","message":"Ruta inexistente"}
{"level":"warn","message":"Ruta inexistente"}
{"level":"warn","message":"Ruta inexistente"}
{"level":"warn","message":"Ruta inexistente"}
{"level":"warn","message":"Ruta inexistente"}
{"level":"warn","message":"Ruta inexistente"}
{"level":"warn","message":"Ruta inexistente"}
{"level":"warn","message":"Ruta inexistente"}
{"level":"warn","message":"Ruta inexistente"}
{"level":"warn","message":"Ruta inexistente"}
{"level":"warn","message":"Ruta inexistente"}
{"level":"warn","message":"Ruta inexistente"}
{"level":"warn","message":"Ruta inexistente"}
{"level":"warn","message":"Ruta inexistente"}
{"level":"warn","message":"Ruta inexistente"}
{"level":"error","message":"Usuario inexistente"}
{"level":"warn","message":"Ruta inexistente"}
{"level":"warn","message":"Ruta inexistente"}
{"level":"warn","message":"Ruta inexistente"}
{"level":"warn","message":"Ruta inexistente"}
{"level":"warn","message":"Ruta inexistente"}
{"level":"warn","message":"Ruta inexistente"}
{"level":"warn","message":"Ruta inexistente"}
{"level":"warn","message":"Ruta inexistente"}
{"level":"warn","message":"Ruta inexistente"}
{"level":"warn","message":"Ruta inexistente"}
{"level":"warn","message":"Ruta inexistente"}
{"level":"warn","message":"Ruta inexistente"}
{"level":"warn","message":"Ruta inexistente"}
{"level":"warn","message":"Ruta inexistente"}
{"level":"warn","message":"Ruta inexistente"}
{"level":"warn","message":"Ruta inexistente"}
{"level":"warn","message":"Ruta inexistente"}
{"level":"warn","message":"Ruta inexistente"}
{"level":"warn","message":"Ruta inexistente"}
{"level":"warn","message":"Ruta inexistente"}
{"level":"warn","message":"Ruta inexistente"}
{"level":"warn","message":"Ruta inexistente"}
{"level":"warn","message":"Ruta inexistente"}
{"level":"warn","message":"Ruta inexistente"}
{"level":"warn","message":"Ruta inexistente"}
{"level":"warn","message":"Ruta inexistente"}
{"level":"warn","message":"Ruta inexistente"}
{"level":"warn","message":"Ruta inexistente"}
{"level":"error","message":"El nombre de usuario jorgitoo ya est치 tomado"}
{"level":"warn","message":"Ruta no existente"}
{"level":"error","message":"El nombre de usuario tshabalala ya est치 tomado"}
{"level":"warn","message":"Ruta no existente"}
{"level":"warn","message":"Ruta no existente"}
{"level":"warn","message":"Ruta no existente"}
{"level":"warn","message":"Ruta no existente"}
{"level":"warn","message":"Ruta no existente"}
{"level":"warn","message":"Ruta no existente"}
{"level":"warn","message":"Ruta no existente"}
{"level":"warn","message":"Ruta no existente"}
{"level":"warn","message":"Ruta no existente"}
{"level":"warn","message":"Ruta no existente"}
